{"/Users/maxswjeon/projects/flattype/src/FlatType.ts": {"path":"/Users/maxswjeon/projects/flattype/src/FlatType.ts","all":false,"statementMap":{"0":{"start":{"line":1,"column":0},"end":{"line":1,"column":24}},"1":{"start":{"line":2,"column":0},"end":{"line":2,"column":18}},"2":{"start":{"line":3,"column":0},"end":{"line":3,"column":39}},"3":{"start":{"line":4,"column":0},"end":{"line":4,"column":18}},"4":{"start":{"line":5,"column":0},"end":{"line":5,"column":4}},"5":{"start":{"line":6,"column":0},"end":{"line":6,"column":2}},"6":{"start":{"line":7,"column":0},"end":{"line":7,"column":0}},"7":{"start":{"line":8,"column":0},"end":{"line":8,"column":45}},"8":{"start":{"line":9,"column":0},"end":{"line":9,"column":30}},"9":{"start":{"line":10,"column":0},"end":{"line":10,"column":29}},"10":{"start":{"line":11,"column":0},"end":{"line":11,"column":61}},"11":{"start":{"line":12,"column":0},"end":{"line":12,"column":30}},"12":{"start":{"line":13,"column":0},"end":{"line":13,"column":10}},"13":{"start":{"line":14,"column":0},"end":{"line":14,"column":38}},"14":{"start":{"line":15,"column":0},"end":{"line":15,"column":3}},"15":{"start":{"line":16,"column":0},"end":{"line":16,"column":1}},"16":{"start":{"line":17,"column":0},"end":{"line":17,"column":0}},"17":{"start":{"line":18,"column":0},"end":{"line":18,"column":54}},"18":{"start":{"line":19,"column":0},"end":{"line":19,"column":28}},"19":{"start":{"line":20,"column":0},"end":{"line":20,"column":26}},"20":{"start":{"line":21,"column":0},"end":{"line":21,"column":60}},"21":{"start":{"line":22,"column":0},"end":{"line":22,"column":27}},"22":{"start":{"line":23,"column":0},"end":{"line":23,"column":0}},"23":{"start":{"line":24,"column":0},"end":{"line":24,"column":31}},"24":{"start":{"line":25,"column":0},"end":{"line":25,"column":23}},"25":{"start":{"line":26,"column":0},"end":{"line":26,"column":22}},"26":{"start":{"line":27,"column":0},"end":{"line":27,"column":31}},"27":{"start":{"line":28,"column":0},"end":{"line":28,"column":8}},"28":{"start":{"line":29,"column":0},"end":{"line":29,"column":0}},"29":{"start":{"line":30,"column":0},"end":{"line":30,"column":59}},"30":{"start":{"line":31,"column":0},"end":{"line":31,"column":39}},"31":{"start":{"line":32,"column":0},"end":{"line":32,"column":61}},"32":{"start":{"line":33,"column":0},"end":{"line":33,"column":23}},"33":{"start":{"line":34,"column":0},"end":{"line":34,"column":23}},"34":{"start":{"line":35,"column":0},"end":{"line":35,"column":54}},"35":{"start":{"line":36,"column":0},"end":{"line":36,"column":8}},"36":{"start":{"line":37,"column":0},"end":{"line":37,"column":0}},"37":{"start":{"line":38,"column":0},"end":{"line":38,"column":61}},"38":{"start":{"line":39,"column":0},"end":{"line":39,"column":40}},"39":{"start":{"line":40,"column":0},"end":{"line":40,"column":12}},"40":{"start":{"line":41,"column":0},"end":{"line":41,"column":23}},"41":{"start":{"line":42,"column":0},"end":{"line":42,"column":22}},"42":{"start":{"line":43,"column":0},"end":{"line":43,"column":32}},"43":{"start":{"line":44,"column":0},"end":{"line":44,"column":8}},"44":{"start":{"line":45,"column":0},"end":{"line":45,"column":5}},"45":{"start":{"line":46,"column":0},"end":{"line":46,"column":3}},"46":{"start":{"line":47,"column":0},"end":{"line":47,"column":0}},"47":{"start":{"line":48,"column":0},"end":{"line":48,"column":14}},"48":{"start":{"line":49,"column":0},"end":{"line":49,"column":1}},"49":{"start":{"line":50,"column":0},"end":{"line":50,"column":0}},"50":{"start":{"line":51,"column":0},"end":{"line":51,"column":57}},"51":{"start":{"line":52,"column":0},"end":{"line":52,"column":28}},"52":{"start":{"line":53,"column":0},"end":{"line":53,"column":35}},"53":{"start":{"line":54,"column":0},"end":{"line":54,"column":43}},"54":{"start":{"line":55,"column":0},"end":{"line":55,"column":31}},"55":{"start":{"line":56,"column":0},"end":{"line":56,"column":26}},"56":{"start":{"line":57,"column":0},"end":{"line":57,"column":22}},"57":{"start":{"line":58,"column":0},"end":{"line":58,"column":34}},"58":{"start":{"line":59,"column":0},"end":{"line":59,"column":8}},"59":{"start":{"line":60,"column":0},"end":{"line":60,"column":0}},"60":{"start":{"line":61,"column":0},"end":{"line":61,"column":62}},"61":{"start":{"line":62,"column":0},"end":{"line":62,"column":39}},"62":{"start":{"line":63,"column":0},"end":{"line":63,"column":61}},"63":{"start":{"line":64,"column":0},"end":{"line":64,"column":26}},"64":{"start":{"line":65,"column":0},"end":{"line":65,"column":23}},"65":{"start":{"line":66,"column":0},"end":{"line":66,"column":57}},"66":{"start":{"line":67,"column":0},"end":{"line":67,"column":8}},"67":{"start":{"line":68,"column":0},"end":{"line":68,"column":0}},"68":{"start":{"line":69,"column":0},"end":{"line":69,"column":64}},"69":{"start":{"line":70,"column":0},"end":{"line":70,"column":40}},"70":{"start":{"line":71,"column":0},"end":{"line":71,"column":12}},"71":{"start":{"line":72,"column":0},"end":{"line":72,"column":26}},"72":{"start":{"line":73,"column":0},"end":{"line":73,"column":22}},"73":{"start":{"line":74,"column":0},"end":{"line":74,"column":32}},"74":{"start":{"line":75,"column":0},"end":{"line":75,"column":8}},"75":{"start":{"line":76,"column":0},"end":{"line":76,"column":5}},"76":{"start":{"line":77,"column":0},"end":{"line":77,"column":5}},"77":{"start":{"line":78,"column":0},"end":{"line":78,"column":0}},"78":{"start":{"line":79,"column":0},"end":{"line":79,"column":14}},"79":{"start":{"line":80,"column":0},"end":{"line":80,"column":1}},"80":{"start":{"line":81,"column":0},"end":{"line":81,"column":0}},"81":{"start":{"line":82,"column":0},"end":{"line":82,"column":42}},"82":{"start":{"line":83,"column":0},"end":{"line":83,"column":25}},"83":{"start":{"line":84,"column":0},"end":{"line":84,"column":27}},"84":{"start":{"line":85,"column":0},"end":{"line":85,"column":38}},"85":{"start":{"line":86,"column":0},"end":{"line":86,"column":27}},"86":{"start":{"line":87,"column":0},"end":{"line":87,"column":26}},"87":{"start":{"line":88,"column":0},"end":{"line":88,"column":34}},"88":{"start":{"line":89,"column":0},"end":{"line":89,"column":41}},"89":{"start":{"line":90,"column":0},"end":{"line":90,"column":35}},"90":{"start":{"line":91,"column":0},"end":{"line":91,"column":42}},"91":{"start":{"line":92,"column":0},"end":{"line":92,"column":5}},"92":{"start":{"line":93,"column":0},"end":{"line":93,"column":3}},"93":{"start":{"line":94,"column":0},"end":{"line":94,"column":0}},"94":{"start":{"line":95,"column":0},"end":{"line":95,"column":16}},"95":{"start":{"line":96,"column":0},"end":{"line":96,"column":1}}},"s":{"0":1,"1":1,"2":1,"3":1,"4":1,"5":1,"6":1,"7":1,"8":6,"9":3,"10":3,"11":3,"12":3,"13":0,"14":0,"15":6,"16":1,"17":6,"18":6,"19":6,"20":8,"21":8,"22":8,"23":8,"24":1,"25":1,"26":1,"27":1,"28":1,"29":1,"30":1,"31":8,"32":1,"33":1,"34":1,"35":1,"36":1,"37":1,"38":1,"39":6,"40":6,"41":6,"42":6,"43":6,"44":6,"45":8,"46":6,"47":6,"48":6,"49":1,"50":6,"51":6,"52":6,"53":11,"54":11,"55":2,"56":2,"57":2,"58":2,"59":2,"60":2,"61":2,"62":11,"63":2,"64":2,"65":2,"66":2,"67":2,"68":2,"69":2,"70":7,"71":7,"72":7,"73":7,"74":7,"75":7,"76":6,"77":6,"78":6,"79":6,"80":1,"81":1,"82":0,"83":0,"84":0,"85":0,"86":0,"87":0,"88":0,"89":0,"90":0,"91":0,"92":0,"93":0,"94":0,"95":0},"branchMap":{"0":{"type":"branch","line":8,"loc":{"start":{"line":8,"column":44},"end":{"line":16,"column":1}},"locations":[{"start":{"line":8,"column":44},"end":{"line":16,"column":1}}]},"1":{"type":"branch","line":9,"loc":{"start":{"line":9,"column":29},"end":{"line":15,"column":3}},"locations":[{"start":{"line":9,"column":29},"end":{"line":15,"column":3}}]},"2":{"type":"branch","line":13,"loc":{"start":{"line":13,"column":2},"end":{"line":15,"column":3}},"locations":[{"start":{"line":13,"column":2},"end":{"line":15,"column":3}}]},"3":{"type":"branch","line":16,"loc":{"start":{"line":16,"column":0},"end":{"line":16,"column":1}},"locations":[{"start":{"line":16,"column":0},"end":{"line":16,"column":1}}]},"4":{"type":"branch","line":18,"loc":{"start":{"line":18,"column":0},"end":{"line":49,"column":1}},"locations":[{"start":{"line":18,"column":0},"end":{"line":49,"column":1}}]},"5":{"type":"branch","line":20,"loc":{"start":{"line":20,"column":25},"end":{"line":46,"column":3}},"locations":[{"start":{"line":20,"column":25},"end":{"line":46,"column":3}}]},"6":{"type":"branch","line":21,"loc":{"start":{"line":21,"column":31},"end":{"line":21,"column":42}},"locations":[{"start":{"line":21,"column":31},"end":{"line":21,"column":42}}]},"7":{"type":"branch","line":21,"loc":{"start":{"line":21,"column":36},"end":{"line":21,"column":60}},"locations":[{"start":{"line":21,"column":36},"end":{"line":21,"column":60}}]},"8":{"type":"branch","line":24,"loc":{"start":{"line":24,"column":30},"end":{"line":32,"column":15}},"locations":[{"start":{"line":24,"column":30},"end":{"line":32,"column":15}}]},"9":{"type":"branch","line":32,"loc":{"start":{"line":32,"column":4},"end":{"line":45,"column":5}},"locations":[{"start":{"line":32,"column":4},"end":{"line":45,"column":5}}]},"10":{"type":"branch","line":32,"loc":{"start":{"line":32,"column":32},"end":{"line":32,"column":60}},"locations":[{"start":{"line":32,"column":32},"end":{"line":32,"column":60}}]},"11":{"type":"branch","line":32,"loc":{"start":{"line":32,"column":60},"end":{"line":45,"column":5}},"locations":[{"start":{"line":32,"column":60},"end":{"line":45,"column":5}}]},"12":{"type":"branch","line":32,"loc":{"start":{"line":32,"column":60},"end":{"line":40,"column":11}},"locations":[{"start":{"line":32,"column":60},"end":{"line":40,"column":11}}]},"13":{"type":"branch","line":51,"loc":{"start":{"line":51,"column":0},"end":{"line":80,"column":1}},"locations":[{"start":{"line":51,"column":0},"end":{"line":80,"column":1}}]},"14":{"type":"branch","line":53,"loc":{"start":{"line":53,"column":16},"end":{"line":77,"column":3}},"locations":[{"start":{"line":53,"column":16},"end":{"line":77,"column":3}}]},"15":{"type":"branch","line":55,"loc":{"start":{"line":55,"column":30},"end":{"line":63,"column":15}},"locations":[{"start":{"line":55,"column":30},"end":{"line":63,"column":15}}]},"16":{"type":"branch","line":63,"loc":{"start":{"line":63,"column":4},"end":{"line":76,"column":5}},"locations":[{"start":{"line":63,"column":4},"end":{"line":76,"column":5}}]},"17":{"type":"branch","line":63,"loc":{"start":{"line":63,"column":32},"end":{"line":63,"column":60}},"locations":[{"start":{"line":63,"column":32},"end":{"line":63,"column":60}}]},"18":{"type":"branch","line":63,"loc":{"start":{"line":63,"column":60},"end":{"line":76,"column":5}},"locations":[{"start":{"line":63,"column":60},"end":{"line":76,"column":5}}]},"19":{"type":"branch","line":63,"loc":{"start":{"line":63,"column":60},"end":{"line":71,"column":11}},"locations":[{"start":{"line":63,"column":60},"end":{"line":71,"column":11}}]}},"b":{"0":[6],"1":[3],"2":[0],"3":[6],"4":[6],"5":[8],"6":[3],"7":[5],"8":[1],"9":[7],"10":[1],"11":[6],"12":[1],"13":[6],"14":[11],"15":[2],"16":[9],"17":[2],"18":[7],"19":[2]},"fnMap":{"0":{"name":"from","decl":{"start":{"line":8,"column":44},"end":{"line":16,"column":1}},"loc":{"start":{"line":8,"column":44},"end":{"line":16,"column":1}},"line":8},"1":{"name":"get","decl":{"start":{"line":16,"column":0},"end":{"line":16,"column":1}},"loc":{"start":{"line":16,"column":0},"end":{"line":16,"column":1}},"line":16},"2":{"name":"fromObject","decl":{"start":{"line":18,"column":0},"end":{"line":49,"column":1}},"loc":{"start":{"line":18,"column":0},"end":{"line":49,"column":1}},"line":18},"3":{"name":"fromArray","decl":{"start":{"line":51,"column":0},"end":{"line":80,"column":1}},"loc":{"start":{"line":51,"column":0},"end":{"line":80,"column":1}},"line":51},"4":{"name":"toObject","decl":{"start":{"line":82,"column":7},"end":{"line":96,"column":1}},"loc":{"start":{"line":82,"column":7},"end":{"line":96,"column":1}},"line":82},"5":{"name":"get","decl":{"start":{"line":96,"column":0},"end":{"line":96,"column":1}},"loc":{"start":{"line":96,"column":0},"end":{"line":96,"column":1}},"line":96}},"f":{"0":6,"1":6,"2":6,"3":6,"4":0,"5":0}}
}
